#
# There is insufficient memory for the Java Runtime Environment to continue.
# Native memory allocation (mmap) failed to map 100663296 bytes for G1 virtual space
# Possible reasons:
#   The system is out of physical RAM or swap space
#   The process is running with CompressedOops enabled, and the Java Heap may be blocking the growth of the native heap
# Possible solutions:
#   Reduce memory load on the system
#   Increase physical memory or swap space
#   Check if swap backing store is full
#   Decrease Java heap size (-Xmx/-Xms)
#   Decrease number of Java threads
#   Decrease Java thread stack sizes (-Xss)
#   Set larger code cache with -XX:ReservedCodeCacheSize=
#   JVM is running with Unscaled Compressed Oops mode in which the Java heap is
#     placed in the first 4GB address space. The Java Heap base address is the
#     maximum limit for the native heap growth. Please use -XX:HeapBaseMinAddress
#     to set the Java Heap base and to place the Java Heap above 4GB virtual address.
# This output file may be truncated or incomplete.
#
#  Out of Memory Error (os_windows.cpp:3528), pid=26048, tid=28304
#
# JRE version:  (20.0.1+9) (build )
# Java VM: Java HotSpot(TM) 64-Bit Server VM (20.0.1+9-29, mixed mode, sharing, tiered, compressed oops, compressed class ptrs, g1 gc, windows-amd64)
# No core dump will be written. Minidumps are not enabled by default on client versions of Windows
#

---------------  S U M M A R Y ------------

Command Line: -Dfile.encoding=UTF-8 --module-path=C:\Users\ndutt\OneDrive\Documents\NetBeansProjects\Visitor Management System\build\classes visitor.management.system.Project

Host: AMD Ryzen 5 3500U with Radeon Vega Mobile Gfx  , 8 cores, 5G,  Windows 11 , 64 bit Build 22621 (10.0.22621.1485)
Time: Fri May 12 15:12:18 2023 India Standard Time elapsed time: 0.036001 seconds (0d 0h 0m 0s)

---------------  T H R E A D  ---------------

Current thread (0x00000223fbf18220):  JavaThread "Unknown thread" [_thread_in_vm, id=28304, stack(0x0000005378d00000,0x0000005378e00000)]

Stack: [0x0000005378d00000,0x0000005378e00000]
Native frames: (J=compiled Java code, j=interpreted, Vv=VM code, C=native code)
V  [jvm.dll+0x6bb95a]
V  [jvm.dll+0x8485fa]
V  [jvm.dll+0x84a1f5]
V  [jvm.dll+0x84a8f3]
V  [jvm.dll+0x280b0f]
V  [jvm.dll+0x6b86e9]
V  [jvm.dll+0x6ad2da]
V  [jvm.dll+0x35adf5]
V  [jvm.dll+0x363016]
V  [jvm.dll+0x3b3b3e]
V  [jvm.dll+0x3b3dc5]
V  [jvm.dll+0x32b50a]
V  [jvm.dll+0x32c32b]
V  [jvm.dll+0x8112bf]
V  [jvm.dll+0x3c0d91]
V  [jvm.dll+0x7fcfe3]
V  [jvm.dll+0x44c76f]
V  [jvm.dll+0x44e0e1]
C  [jli.dll+0x5287]
C  [ucrtbase.dll+0x29363]
C  [KERNEL32.DLL+0x1269d]
C  [ntdll.dll+0x5a9f8]


---------------  P R O C E S S  ---------------

Threads class SMR info:
_java_thread_list=0x00007ffa7e3ba098, length=0, elements={
}

Java Threads: ( => current thread )

Other Threads:
  0x00000223fbf69bc0 WorkerThread "GC Thread#0" [stack: 0x0000005378e00000,0x0000005378f00000] [id=6068]
  0x00000223fbf76850 ConcurrentGCThread "G1 Main Marker" [stack: 0x0000005378f00000,0x0000005379000000] [id=26224]
  0x00000223fbf77480 WorkerThread "G1 Conc#0" [stack: 0x0000005379000000,0x0000005379100000] [id=28816]

[error occurred during error reporting (printing all threads), id 0xc0000005, EXCEPTION_ACCESS_VIOLATION (0xc0000005) at pc=0x00007ffa7db9eb47]
VM state: not at safepoint (not fully initialized)

VM Mutex/Monitor currently owned by a thread:  ([mutex/lock_event])
[0x00000223fbf13b10] Heap_lock - owner thread: 0x00000223fbf18220

Heap address: 0x00000000a0c00000, size: 1524 MB, Compressed Oops mode: 32-bit

CDS archive(s) mapped at: [0x0000000000000000-0x0000000000000000-0x0000000000000000), size 0, SharedBaseAddress: 0x0000000800000000, ArchiveRelocationMode: 0.
Narrow klass base: 0x0000000000000000, Narrow klass shift: 0, Narrow klass range: 0x0

GC Precious Log:
 CardTable entry size: 512
 Card Set container configuration: InlinePtr #cards 5 size 8 Array Of Cards #cards 12 size 40 Howl #buckets 4 coarsen threshold 1843 Howl Bitmap #cards 512 size 80 coarsen threshold 460 Card regions per heap region 1 cards per card region 2048

Heap:
 garbage-first heap   total 0K, used 0K [0x00000000a0c00000, 0x0000000100000000)
  region size 1024K, 0 young (0K), 0 survivors (0K)

[error occurred during error reporting (printing heap information), id 0xc0000005, EXCEPTION_ACCESS_VIOLATION (0xc0000005) at pc=0x00007ffa7df73c59]
GC Heap History (0 events):
No events

Dll operation events (1 events):
Event: 0.019 Loaded shared library C:\Program Files\Java\jdk-20\bin\java.dll

Deoptimization events (0 events):
No events

Classes loaded (0 events):
No events

Classes unloaded (0 events):
No events

Classes redefined (0 events):
No events

Internal exceptions (0 events):
No events

VM Operations (0 events):
No events

Events (0 events):
No events


Dynamic libraries:
0x00007ff730e80000 - 0x00007ff730e90000 	C:\Program Files\Java\jdk-20\bin\java.exe
0x00007ffad3d30000 - 0x00007ffad3f44000 	C:\WINDOWS\SYSTEM32\ntdll.dll
0x00007ffad2b10000 - 0x00007ffad2bd2000 	C:\WINDOWS\System32\KERNEL32.DLL
0x00007ffad1720000 - 0x00007ffad1abc000 	C:\WINDOWS\System32\KERNELBASE.dll
0x00007ffad12e0000 - 0x00007ffad13f1000 	C:\WINDOWS\System32\ucrtbase.dll
0x00007ffacbdc0000 - 0x00007ffacbdd9000 	C:\Program Files\Java\jdk-20\bin\jli.dll
0x00007ffacc1e0000 - 0x00007ffacc1fb000 	C:\Program Files\Java\jdk-20\bin\VCRUNTIME140.dll
0x00007ffad3290000 - 0x00007ffad333e000 	C:\WINDOWS\System32\ADVAPI32.dll
0x00007ffad3340000 - 0x00007ffad33e7000 	C:\WINDOWS\System32\msvcrt.dll
0x00007ffad36f0000 - 0x00007ffad3794000 	C:\WINDOWS\System32\sechost.dll
0x00007ffad2d90000 - 0x00007ffad2ea7000 	C:\WINDOWS\System32\RPCRT4.dll
0x00007ffad2ec0000 - 0x00007ffad306b000 	C:\WINDOWS\System32\USER32.dll
0x00007ffac1a20000 - 0x00007ffac1cae000 	C:\WINDOWS\WinSxS\amd64_microsoft.windows.common-controls_6595b64144ccf1df_6.0.22621.608_none_a9444ca7c10bb01d\COMCTL32.dll
0x00007ffad1650000 - 0x00007ffad1676000 	C:\WINDOWS\System32\win32u.dll
0x00007ffad2be0000 - 0x00007ffad2c09000 	C:\WINDOWS\System32\GDI32.dll
0x00007ffad1530000 - 0x00007ffad1643000 	C:\WINDOWS\System32\gdi32full.dll
0x00007ffad1680000 - 0x00007ffad171a000 	C:\WINDOWS\System32\msvcp_win.dll
0x00007ffacac70000 - 0x00007ffacac7a000 	C:\WINDOWS\SYSTEM32\VERSION.dll
0x00007ffad30a0000 - 0x00007ffad30d1000 	C:\WINDOWS\System32\IMM32.DLL
0x00007ffacc250000 - 0x00007ffacc25c000 	C:\Program Files\Java\jdk-20\bin\vcruntime140_1.dll
0x00007ffaad660000 - 0x00007ffaad6ee000 	C:\Program Files\Java\jdk-20\bin\msvcp140.dll
0x00007ffa7d860000 - 0x00007ffa7e4f7000 	C:\Program Files\Java\jdk-20\bin\server\jvm.dll
0x00007fface010000 - 0x00007fface019000 	C:\WINDOWS\SYSTEM32\WSOCK32.dll
0x00007ffaca6f0000 - 0x00007ffaca724000 	C:\WINDOWS\SYSTEM32\WINMM.dll
0x00007ffad3470000 - 0x00007ffad34e1000 	C:\WINDOWS\System32\WS2_32.dll
0x00007ffad0190000 - 0x00007ffad01a8000 	C:\WINDOWS\SYSTEM32\kernel.appcore.dll
0x00007ffacb920000 - 0x00007ffacb92a000 	C:\Program Files\Java\jdk-20\bin\jimage.dll
0x00007ffaceb90000 - 0x00007ffacedbe000 	C:\WINDOWS\SYSTEM32\DBGHELP.DLL
0x00007ffad3960000 - 0x00007ffad3ce9000 	C:\WINDOWS\System32\combase.dll
0x00007ffad2a30000 - 0x00007ffad2b07000 	C:\WINDOWS\System32\OLEAUT32.dll
0x00007ffabe420000 - 0x00007ffabe452000 	C:\WINDOWS\SYSTEM32\dbgcore.DLL
0x00007ffad1ac0000 - 0x00007ffad1b3b000 	C:\WINDOWS\System32\bcryptPrimitives.dll
0x00007ffacc1b0000 - 0x00007ffacc1d6000 	C:\Program Files\Java\jdk-20\bin\java.dll

dbghelp: loaded successfully - version: 4.0.5 - missing functions: none
symbol engine: initialized successfully - sym options: 0x614 - pdb path: .;C:\Program Files\Java\jdk-20\bin;C:\WINDOWS\SYSTEM32;C:\WINDOWS\WinSxS\amd64_microsoft.windows.common-controls_6595b64144ccf1df_6.0.22621.608_none_a9444ca7c10bb01d;C:\Program Files\Java\jdk-20\bin\server

VM Arguments:
jvm_args: -Dfile.encoding=UTF-8 --module-path=C:\Users\ndutt\OneDrive\Documents\NetBeansProjects\Visitor Management System\build\classes 
java_command: visitor.management.system.Project
java_class_path (initial): C:\Users\ndutt\Downloads\Jar-20230505T062308Z-001.zip;C:\Users\ndutt\Downloads\mysql-connector-java-8.0.28.jar;C:\Users\ndutt\Downloads\jcalendar-tz-1.3.3-4.jar;C:\Users\ndutt\Downloads\rs2xml.jar;C:\Users\ndutt\OneDrive\Documents\NetBeansProjects\Visitor Management System\build\classes
Launcher Type: SUN_STANDARD

[Global flags]
     intx CICompilerCount                          = 4                                         {product} {ergonomic}
     uint ConcGCThreads                            = 2                                         {product} {ergonomic}
     uint G1ConcRefinementThreads                  = 8                                         {product} {ergonomic}
   size_t G1HeapRegionSize                         = 1048576                                   {product} {ergonomic}
    uintx GCDrainStackTargetSize                   = 64                                        {product} {ergonomic}
   size_t InitialHeapSize                          = 100663296                                 {product} {ergonomic}
   size_t MarkStackSize                            = 4194304                                   {product} {ergonomic}
   size_t MaxHeapSize                              = 1598029824                                {product} {ergonomic}
   size_t MinHeapDeltaBytes                        = 1048576                                   {product} {ergonomic}
   size_t MinHeapSize                              = 8388608                                   {product} {ergonomic}
    uintx NonNMethodCodeHeapSize                   = 5839372                                {pd product} {ergonomic}
    uintx NonProfiledCodeHeapSize                  = 122909434                              {pd product} {ergonomic}
    uintx ProfiledCodeHeapSize                     = 122909434                              {pd product} {ergonomic}
    uintx ReservedCodeCacheSize                    = 251658240                              {pd product} {ergonomic}
     bool SegmentedCodeCache                       = true                                      {product} {ergonomic}
   size_t SoftMaxHeapSize                          = 1598029824                             {manageable} {ergonomic}
     bool UseCompressedClassPointers               = true                           {product lp64_product} {ergonomic}
     bool UseCompressedOops                        = true                           {product lp64_product} {ergonomic}
     bool UseG1GC                                  = true                                      {product} {ergonomic}
     bool UseLargePagesIndividualAllocation        = false                                  {pd product} {ergonomic}

Logging:
Log output configuration:
 #0: stdout all=warning uptime,level,tags foldmultilines=false
 #1: stderr all=off uptime,level,tags foldmultilines=false

Environment Variables:
PATH=C:\Program Files\Common Files\Oracle\Java\javapath;C:\WINDOWS\system32;C:\WINDOWS;C:\WINDOWS\System32\Wbem;C:\WINDOWS\System32\WindowsPowerShell\v1.0\;C:\WINDOWS\System32\OpenSSH\;C:\Program Files\MySQL\MySQL Shell 8.0\bin\;C:\Users\ndutt\AppData\Local\Microsoft\WindowsApps;C:\Users\ndutt\AppData\Local\Programs\MiKTeX\miktex\bin\x64\;
USERNAME=ndutt
OS=Windows_NT
PROCESSOR_IDENTIFIER=AMD64 Family 23 Model 24 Stepping 1, AuthenticAMD
TMP=C:\Users\ndutt\AppData\Local\Temp
TEMP=C:\Users\ndutt\AppData\Local\Temp




---------------  S Y S T E M  ---------------

OS:
 Windows 11 , 64 bit Build 22621 (10.0.22621.1485)
OS uptime: 8 days 20:24 hours
Hyper-V role detected

CPU: total 8 (initial active 8) (8 cores per cpu, 2 threads per core) family 23 model 24 stepping 1 microcode 0x0, cx8, cmov, fxsr, ht, mmx, 3dnowpref, sse, sse2, sse3, ssse3, sse4a, sse4.1, sse4.2, popcnt, lzcnt, tsc, tscinvbit, avx, avx2, aes, clmul, bmi1, bmi2, adx, sha, fma, vzeroupper, clflush, clflushopt, hv, rdtscp, f16c

Memory: 4k page, system-wide physical 6091M (304M free)
TotalPageFile size 24523M (AvailPageFile size 98M)
current process WorkingSet (physical memory assigned to process): 11M, peak: 11M
current process commit charge ("private bytes"): 60M, peak: 156M

vm_info: Java HotSpot(TM) 64-Bit Server VM (20.0.1+9-29) for windows-amd64 JRE (20.0.1+9-29), built on 2023-03-07T13:56:11Z by "mach5one" with MS VC++ 17.1 (VS2022)

END.
